\BOOKMARK [1][-]{section.1}{\376\377\000T\000h\000e\000\040\000S\000i\000m\000u\000l\000a\000t\000i\000o\000n}{}% 1
\BOOKMARK [2][-]{subsection.1.1}{\376\377\000S\000p\000e\000c\000i\000e\000s\000\040\000L\000i\000s\000t}{section.1}% 2
\BOOKMARK [2][-]{subsection.1.2}{\376\377\000S\000p\000e\000c\000i\000e\000s\000\040\000I\000n\000t\000e\000r\000a\000c\000t\000i\000o\000n\000s}{section.1}% 3
\BOOKMARK [2][-]{subsection.1.3}{\376\377\000C\000h\000a\000l\000l\000e\000n\000g\000e\000\040\000T\000a\000s\000k\000s}{section.1}% 4
\BOOKMARK [1][-]{section.2}{\376\377\000M\000u\000l\000t\000i\000-\000l\000a\000y\000e\000r\000e\000d\000\040\000S\000i\000m\000u\000l\000a\000t\000i\000o\000n}{}% 5
\BOOKMARK [1][-]{section.3}{\376\377\000B\000r\000a\000i\000n\000\040\000/\000\040\000B\000e\000h\000a\000v\000i\000o\000u\000r\000\040\000M\000o\000d\000e\000l}{}% 6
\BOOKMARK [1][-]{section.4}{\376\377\0003\000D\000\040\000R\000e\000n\000d\000e\000r\000e\000d\000\040\000S\000i\000m\000u\000a\000t\000i\000o\000n}{}% 7
\BOOKMARK [2][-]{subsection.4.1}{\376\377\000O\000p\000e\000n\000G\000L\000:\000\040\000N\000o\000t\000h\000i\000n\000g\000\040\000t\000o\000\040\000D\000r\000a\000w\000i\000n\000g}{section.4}% 8
\BOOKMARK [3][-]{subsubsection.4.1.1}{\376\377\000W\000r\000i\000t\000i\000n\000g\000\040\000a\000n\000d\000\040\000C\000o\000m\000p\000i\000l\000i\000n\000g\000\040\000S\000h\000a\000d\000e\000r\000s}{subsection.4.1}% 9
\BOOKMARK [3][-]{subsubsection.4.1.2}{\376\377\000C\000a\000m\000e\000r\000a\000\040\000a\000n\000d\000\040\000V\000i\000e\000w\000\040\000P\000r\000o\000j\000e\000c\000t\000i\000o\000n}{subsection.4.1}% 10
\BOOKMARK [3][-]{subsubsection.4.1.3}{\376\377\000U\000n\000i\000f\000o\000r\000m\000s\000\040\000a\000n\000d\000\040\000t\000h\000e\000\040\000M\000V\000P}{subsection.4.1}% 11
\BOOKMARK [3][-]{subsubsection.4.1.4}{\376\377\000L\000i\000g\000h\000t\000i\000n\000g\000\040\000t\000h\000e\000\040\000S\000c\000e\000n\000e}{subsection.4.1}% 12
\BOOKMARK [2][-]{subsection.4.2}{\376\377\000U\000p\000l\000o\000a\000d\000i\000n\000g\000\040\000a\000n\000d\000\040\000R\000e\000n\000d\000e\000r\000i\000n\000g}{section.4}% 13
\BOOKMARK [3][-]{subsubsection.4.2.1}{\376\377\000M\000e\000s\000h\000\040\000t\000o\000\040\000G\000P\000U}{subsection.4.2}% 14
\BOOKMARK [3][-]{subsubsection.4.2.2}{\376\377\000T\000e\000x\000t\000u\000r\000e\000s\000\040\000t\000o\000\040\000G\000P\000U}{subsection.4.2}% 15
\BOOKMARK [2][-]{subsection.4.3}{\376\377\000O\000p\000t\000i\000m\000i\000s\000i\000n\000g\000\040\000R\000e\000n\000d\000e\000r\000\040\000P\000i\000p\000e\000l\000i\000n\000e}{section.4}% 16
\BOOKMARK [3][-]{subsubsection.4.3.1}{\376\377\000F\000a\000c\000e\000\040\000C\000u\000l\000l\000i\000n\000g}{subsection.4.3}% 17
\BOOKMARK [3][-]{subsubsection.4.3.2}{\376\377\000I\000n\000d\000e\000x\000i\000n\000g}{subsection.4.3}% 18
\BOOKMARK [3][-]{subsubsection.4.3.3}{\376\377\000I\000n\000s\000t\000a\000n\000c\000i\000n\000g}{subsection.4.3}% 19
\BOOKMARK [3][-]{subsubsection.4.3.4}{\376\377\000M\000e\000s\000h\000\040\000O\000p\000t\000i\000m\000i\000s\000a\000t\000i\000o\000n}{subsection.4.3}% 20
\BOOKMARK [3][-]{subsubsection.4.3.5}{\376\377\000D\000y\000n\000a\000m\000i\000c\000\040\000L\000e\000v\000e\000l\000\040\000o\000f\000\040\000D\000e\000t\000a\000i\000l}{subsection.4.3}% 21
